<?xml version="1.0" encoding="UTF-8"?>
<!-- Generated by org.testng.reporters.JUnitReportReporter -->
<testsuite hostname="DESKTOP-01UCJLJ" failures="0" tests="1" name="com.automationexercise.tests.Based_impact_TC04_Testng" time="15.998" errors="0" timestamp="2025-09-02T22:47:14 IST" skipped="0">
  <testcase classname="com.automationexercise.tests.Based_impact_TC04_Testng" name="verifyLogoutButtonWorks" time="15.998"/>
</testsuite> <!-- com.automationexercise.tests.Based_impact_TC04_Testng -->
