<?xml version="1.0" encoding="UTF-8"?>
<!-- Generated by org.testng.reporters.JUnitReportReporter -->
<testsuite hostname="DESKTOP-01UCJLJ" failures="0" tests="4" name="com.automationexercise.tests.UI_Hompepage_TC24to27" time="57.583" errors="0" timestamp="2025-09-05T13:11:26 IST" skipped="0">
  <testcase classname="com.automationexercise.tests.UI_Hompepage_TC24to27" name="validateVideoTutorialsIcon" time="20.697"/>
  <testcase classname="com.automationexercise.tests.UI_Hompepage_TC24to27" name="validateFeaturedItemsSection" time="6.931"/>
  <testcase classname="com.automationexercise.tests.UI_Hompepage_TC24to27" name="validateVerticalScrollingOnLoginPage" time="13.291"/>
  <testcase classname="com.automationexercise.tests.UI_Hompepage_TC24to27" name="validateScrollToTopButton" time="16.664"/>
</testsuite> <!-- com.automationexercise.tests.UI_Hompepage_TC24to27 -->
