<?xml version="1.0" encoding="UTF-8"?>
<!-- Generated by org.testng.reporters.JUnitReportReporter -->
<testsuite hostname="DESKTOP-01UCJLJ" failures="0" tests="1" name="com.automationexercise.tests.Based_impact_TC02_Testng" time="124.053" errors="0" timestamp="2025-09-02T12:44:50 IST" skipped="0">
  <testcase classname="com.automationexercise.tests.Based_impact_TC02_Testng" name="verifySignupButton" time="124.053"/>
</testsuite> <!-- com.automationexercise.tests.Based_impact_TC02_Testng -->
