<?xml version="1.0" encoding="UTF-8"?>
<!-- Generated by org.testng.reporters.JUnitReportReporter -->
<testsuite hostname="DESKTOP-01UCJLJ" failures="0" tests="7" name="com.automationexercise.tests.UI_Homepage_TC17to23" time="164.078" errors="0" timestamp="2025-09-05T13:06:21 IST" skipped="0">
  <testcase classname="com.automationexercise.tests.UI_Homepage_TC17to23" name="validateApiTestingIcon" time="69.556"/>
  <testcase classname="com.automationexercise.tests.UI_Homepage_TC17to23" name="validateHomeIcon" time="9.992"/>
  <testcase classname="com.automationexercise.tests.UI_Homepage_TC17to23" name="validateTestCasesIcon" time="20.460"/>
  <testcase classname="com.automationexercise.tests.UI_Homepage_TC17to23" name="validateProductsIcon" time="20.576"/>
  <testcase classname="com.automationexercise.tests.UI_Homepage_TC17to23" name="validateCategorySelection" time="7.927"/>
  <testcase classname="com.automationexercise.tests.UI_Homepage_TC17to23" name="validateBrandSelection" time="20.737"/>
  <testcase classname="com.automationexercise.tests.UI_Homepage_TC17to23" name="validateProductHoverFunctionality" time="14.830"/>
</testsuite> <!-- com.automationexercise.tests.UI_Homepage_TC17to23 -->
