<?xml version="1.0" encoding="UTF-8"?>
<!-- Generated by org.testng.reporters.JUnitReportReporter -->
<testsuite hostname="DESKTOP-01UCJLJ" failures="0" tests="2" name="com.automationexercise.tests.ECP_TC7to9" time="28.797" errors="0" timestamp="2025-09-04T15:33:29 IST" skipped="0">
  <testcase classname="com.automationexercise.tests.ECP_TC7to9" name="validateQuantityFieldECP" time="14.644"/>
  <testcase classname="com.automationexercise.tests.ECP_TC7to9" name="validateQuantityLimitsECP" time="14.153"/>
</testsuite> <!-- com.automationexercise.tests.ECP_TC7to9 -->
