<?xml version="1.0" encoding="UTF-8"?>
<!-- Generated by org.testng.reporters.JUnitReportReporter -->
<testsuite hostname="DESKTOP-01UCJLJ" failures="0" tests="4" name="com.automationexercise.tests.UI_Homepage_TC12to15" time="55.766" errors="0" timestamp="2025-09-05T12:26:47 IST" skipped="0">
  <testcase classname="com.automationexercise.tests.UI_Homepage_TC12to15" name="validateContactUsIcon" time="8.950"/>
  <testcase classname="com.automationexercise.tests.UI_Homepage_TC12to15" name="validateSubscriptionSection" time="10.112"/>
  <testcase classname="com.automationexercise.tests.UI_Homepage_TC12to15" name="validateCartIconFunctionality" time="18.027"/>
  <testcase classname="com.automationexercise.tests.UI_Homepage_TC12to15" name="validateProductSuggestionPopup" time="18.677"/>
</testsuite> <!-- com.automationexercise.tests.UI_Homepage_TC12to15 -->
