<?xml version="1.0" encoding="UTF-8"?>
<!-- Generated by org.testng.reporters.JUnitReportReporter -->
<testsuite hostname="DESKTOP-01UCJLJ" failures="0" tests="1" name="com.automationexercise.tests.Based_impact_TC07_Testng" time="14.543" errors="0" timestamp="2025-09-02T21:34:38 IST" skipped="0">
  <testcase classname="com.automationexercise.tests.Based_impact_TC07_Testng" name="verifyDeleteIconInCartWorks" time="14.543"/>
</testsuite> <!-- com.automationexercise.tests.Based_impact_TC07_Testng -->
