<?xml version="1.0" encoding="UTF-8"?>
<!-- Generated by org.testng.reporters.JUnitReportReporter -->
<testsuite hostname="DESKTOP-01UCJLJ" failures="0" tests="1" name="com.automationexercise.tests.Product_Homepage" time="7.304" errors="0" timestamp="2025-09-04T10:28:51 IST" skipped="0">
  <testcase classname="com.automationexercise.tests.Product_Homepage" name="verifyHomepageElementsAndProductsButton" time="7.304"/>
</testsuite> <!-- com.automationexercise.tests.Product_Homepage -->
