<?xml version="1.0" encoding="UTF-8"?>
<!-- Generated by org.testng.reporters.JUnitReportReporter -->
<testsuite hostname="DESKTOP-01UCJLJ" failures="0" tests="3" name="com.automationexercise.tests.Testcase_page_TC14to16" time="7.817" errors="0" timestamp="2025-09-03T17:20:59 IST" skipped="0">
  <testcase classname="com.automationexercise.tests.Testcase_page_TC14to16" name="validateSubscriptionWithValidEmail" time="3.430"/>
  <testcase classname="com.automationexercise.tests.Testcase_page_TC14to16" name="validateSubscriptionWithInvalidEmail" time="2.264"/>
  <testcase classname="com.automationexercise.tests.Testcase_page_TC14to16" name="validateSubscriptionWithBlankEmail" time="2.123"/>
</testsuite> <!-- com.automationexercise.tests.Testcase_page_TC14to16 -->
