<?xml version="1.0" encoding="UTF-8"?>
<!-- Generated by org.testng.reporters.JUnitReportReporter -->
<testsuite hostname="DESKTOP-01UCJLJ" failures="0" tests="5" name="com.automationexercise.tests.subscriptionpage" time="31.073" errors="0" timestamp="2025-09-04T12:02:36 IST" skipped="0">
  <testcase classname="com.automationexercise.tests.subscriptionpage" name="verifySubscriptionIconVisibleAndClickable" time="6.584"/>
  <testcase classname="com.automationexercise.tests.subscriptionpage" name="subscribeWithValidEmail" time="6.575"/>
  <testcase classname="com.automationexercise.tests.subscriptionpage" name="subscribeWithInvalidEmail" time="5.796"/>
  <testcase classname="com.automationexercise.tests.subscriptionpage" name="subscribeWithEmptyEmail" time="5.759"/>
  <testcase classname="com.automationexercise.tests.subscriptionpage" name="subscribeWithExistingEmail" time="6.359"/>
</testsuite> <!-- com.automationexercise.tests.subscriptionpage -->
