<?xml version="1.0" encoding="UTF-8"?>
<!-- Generated by org.testng.reporters.JUnitReportReporter -->
<testsuite hostname="DESKTOP-01UCJLJ" failures="0" tests="1" name="com.automationexercise.tests.Based_impact_TC010" time="35.378" errors="0" timestamp="2025-09-02T18:04:58 IST" skipped="0">
  <testcase classname="com.automationexercise.tests.Based_impact_TC010" name="verifySubmitButton" time="35.378"/>
</testsuite> <!-- com.automationexercise.tests.Based_impact_TC010 -->
