<?xml version="1.0" encoding="UTF-8"?>
<!-- Generated by org.testng.reporters.JUnitReportReporter -->
<testsuite hostname="DESKTOP-01UCJLJ" failures="0" tests="1" name="com.automationexercise.tests.Testcase_page_TC12to13" time="8.035" errors="0" timestamp="2025-09-03T15:56:54 IST" skipped="0">
  <testcase classname="com.automationexercise.tests.Testcase_page_TC12to13" name="validateScrollBarMovement" time="8.035"/>
</testsuite> <!-- com.automationexercise.tests.Testcase_page_TC12to13 -->
