<?xml version="1.0" encoding="UTF-8"?>
<!-- Generated by org.testng.reporters.JUnitReportReporter -->
<testsuite hostname="DESKTOP-01UCJLJ" failures="0" tests="1" name="com.automationexercise.tests.Productpage_Brandcategory" time="30.610" errors="0" timestamp="2025-09-04T11:24:44 IST" skipped="0">
  <testcase classname="com.automationexercise.tests.Productpage_Brandcategory" name="validateBrandAndSearchResults" time="30.610"/>
</testsuite> <!-- com.automationexercise.tests.Productpage_Brandcategory -->
