<?xml version="1.0" encoding="UTF-8"?>
<!-- Generated by org.testng.reporters.JUnitReportReporter -->
<testsuite hostname="DESKTOP-01UCJLJ" failures="0" tests="2" name="com.automationexercise.tests.Testcase_Page_TC18to19" time="14.772" errors="0" timestamp="2025-09-03T17:51:09 IST" skipped="0">
  <testcase classname="com.automationexercise.tests.Testcase_Page_TC18to19" name="validateAdvertisementPopupPresence" time="3.547"/>
  <testcase classname="com.automationexercise.tests.Testcase_Page_TC18to19" name="validateSuggestionPopupPresence" time="11.225"/>
</testsuite> <!-- com.automationexercise.tests.Testcase_Page_TC18to19 -->
