<?xml version="1.0" encoding="UTF-8"?>
<!-- Generated by org.testng.reporters.JUnitReportReporter -->
<testsuite hostname="DESKTOP-01UCJLJ" failures="0" tests="3" name="com.automationexercise.tests.End_end_contact" time="22.991" errors="0" timestamp="2025-09-03T20:59:46 IST" skipped="0">
  <testcase classname="com.automationexercise.tests.End_end_contact" name="verifyContactUsTextFields" time="9.205"/>
  <testcase classname="com.automationexercise.tests.End_end_contact" name="verifyContactUsFormSubmission" time="8.409"/>
  <testcase classname="com.automationexercise.tests.End_end_contact" name="verifySubscriptionIconOnHomePage" time="5.377"/>
</testsuite> <!-- com.automationexercise.tests.End_end_contact -->
