<?xml version="1.0" encoding="UTF-8"?>
<!-- Generated by org.testng.reporters.JUnitReportReporter -->
<testsuite hostname="DESKTOP-01UCJLJ" failures="0" tests="1" name="com.automationexercise.tests.Based_impact_TC09" time="12.914" errors="0" timestamp="2025-09-02T16:05:34 IST" skipped="0">
  <testcase classname="com.automationexercise.tests.Based_impact_TC09" name="verifyContactUsForm" time="12.914"/>
</testsuite> <!-- com.automationexercise.tests.Based_impact_TC09 -->
