<?xml version="1.0" encoding="UTF-8"?>
<!-- Generated by org.testng.reporters.JUnitReportReporter -->
<testsuite hostname="DESKTOP-01UCJLJ" failures="0" tests="4" name="com.automationexercise.tests.Testcase_page_TC04to8" time="47.742" errors="0" timestamp="2025-09-03T14:16:38 IST" skipped="0">
  <testcase classname="com.automationexercise.tests.Testcase_page_TC04to8" name="verifyTestCasesButtonVisible" time="7.657"/>
  <testcase classname="com.automationexercise.tests.Testcase_page_TC04to8" name="verifyNavigationToTestCasesPage" time="13.531"/>
  <testcase classname="com.automationexercise.tests.Testcase_page_TC04to8" name="verifyTestCasesPageTitle" time="10.714"/>
  <testcase classname="com.automationexercise.tests.Testcase_page_TC04to8" name="verifyTestCasesPageContent" time="15.840"/>
</testsuite> <!-- com.automationexercise.tests.Testcase_page_TC04to8 -->
