<?xml version="1.0" encoding="UTF-8"?>
<!-- Generated by org.testng.reporters.JUnitReportReporter -->
<testsuite hostname="DESKTOP-01UCJLJ" failures="0" tests="3" name="com.automationexercise.tests.UI_Homepage_chrome" time="34.082" errors="0" timestamp="2025-09-05T11:59:25 IST" skipped="0">
  <testcase classname="com.automationexercise.tests.UI_Homepage_chrome" name="validateHomePageLoad" time="14.748"/>
  <testcase classname="com.automationexercise.tests.UI_Homepage_chrome" name="validateHomePageLoad" time="10.031"/>
  <testcase classname="com.automationexercise.tests.UI_Homepage_chrome" name="validateHomePageLoad" time="9.303"/>
</testsuite> <!-- com.automationexercise.tests.UI_Homepage_chrome -->
