<?xml version="1.0" encoding="UTF-8"?>
<!-- Generated by org.testng.reporters.JUnitReportReporter -->
<testsuite hostname="DESKTOP-01UCJLJ" failures="0" tests="1" name="project.Based_impact_TC1" time="71.154" errors="0" timestamp="2025-09-01T22:02:13 IST" skipped="0">
  <testcase classname="project.Based_impact_TC1" name="verifyNavigationLinks" time="71.154"/>
</testsuite> <!-- project.Based_impact_TC1 -->
