<?xml version="1.0" encoding="UTF-8"?>
<!-- Generated by org.testng.reporters.JUnitReportReporter -->
<testsuite hostname="DESKTOP-01UCJLJ" failures="0" tests="3" name="com.automationexercise.tests.Testcase_page_TC09to11" time="9.045" errors="0" timestamp="2025-09-03T18:12:25 IST" skipped="0">
  <testcase classname="com.automationexercise.tests.Testcase_page_TC09to11" name="validateFeedbackSectionPresence" time="2.862"/>
  <testcase classname="com.automationexercise.tests.Testcase_page_TC09to11" name="validateHyperlinksInTestCasesSection" time="3.307"/>
  <testcase classname="com.automationexercise.tests.Testcase_page_TC09to11" name="validateFeedbackMailLinkPresence" time="2.876"/>
</testsuite> <!-- com.automationexercise.tests.Testcase_page_TC09to11 -->
