<?xml version="1.0" encoding="UTF-8"?>
<!-- Generated by org.testng.reporters.JUnitReportReporter -->
<testsuite hostname="DESKTOP-01UCJLJ" failures="0" tests="1" name="com.automationexercise.tests.Productpage_working1" time="42.751" errors="0" timestamp="2025-09-04T10:46:23 IST" skipped="0">
  <testcase classname="com.automationexercise.tests.Productpage_working1" name="validateProductsPageFlow" time="42.751"/>
</testsuite> <!-- com.automationexercise.tests.Productpage_working1 -->
