<?xml version="1.0" encoding="UTF-8"?>
<!-- Generated by org.testng.reporters.JUnitReportReporter -->
<testsuite hostname="DESKTOP-01UCJLJ" failures="0" tests="4" name="com.automationexercise.tests.End_end_productpage" time="381.633" errors="0" timestamp="2025-09-03T20:08:26 IST" skipped="0">
  <testcase classname="com.automationexercise.tests.End_end_productpage" name="verifySearchBarOnProductsPage" time="98.554"/>
  <testcase classname="com.automationexercise.tests.End_end_productpage" name="verifyViewProductFunctionality" time="113.054"/>
  <testcase classname="com.automationexercise.tests.End_end_productpage" name="verifyAddToCartFunctionality" time="71.657"/>
  <testcase classname="com.automationexercise.tests.End_end_productpage" name="verifyQuantityUpdateFunctionality" time="98.368"/>
</testsuite> <!-- com.automationexercise.tests.End_end_productpage -->
