<?xml version="1.0" encoding="UTF-8"?>
<!-- Generated by org.testng.reporters.JUnitReportReporter -->
<testsuite hostname="DESKTOP-01UCJLJ" failures="0" tests="3" name="com.automationexercise.tests.Corebusiness_testcase_7to9" time="88.734" errors="0" timestamp="2025-08-29T17:16:54 IST" skipped="0">
  <testcase classname="com.automationexercise.tests.Corebusiness_testcase_7to9" name="runTest" time="41.427"/>
  <testcase classname="com.automationexercise.tests.Corebusiness_testcase_7to9" name="runTest" time="30.685"/>
  <testcase classname="com.automationexercise.tests.Corebusiness_testcase_7to9" name="runTest" time="16.622"/>
</testsuite> <!-- com.automationexercise.tests.Corebusiness_testcase_7to9 -->
