<?xml version="1.0" encoding="UTF-8"?>
<!-- Generated by org.testng.reporters.JUnitReportReporter -->
<testsuite hostname="DESKTOP-01UCJLJ" failures="0" tests="2" name="com.automationexercise.tests.End_end_Cartpage" time="72.190" errors="0" timestamp="2025-09-08T12:23:30 IST" skipped="0">
  <testcase classname="com.automationexercise.tests.End_end_Cartpage" name="verifyCheckoutButtonFunctionality" time="29.879"/>
  <testcase classname="com.automationexercise.tests.End_end_Cartpage" name="verifyPlaceOrderButtonFunctionality" time="42.311"/>
</testsuite> <!-- com.automationexercise.tests.End_end_Cartpage -->
