<?xml version="1.0" encoding="UTF-8"?>
<!-- Generated by org.testng.reporters.JUnitReportReporter -->
<testsuite hostname="DESKTOP-01UCJLJ" failures="0" tests="1" name="com.automationexercise.tests.Based_impact_TC13" time="41.687" errors="0" timestamp="2025-09-02T20:32:21 IST" skipped="0">
  <testcase classname="com.automationexercise.tests.Based_impact_TC13" name="verifyReviewSubmitButtonWorks" time="41.687"/>
</testsuite> <!-- com.automationexercise.tests.Based_impact_TC13 -->
