<?xml version="1.0" encoding="UTF-8"?>
<!-- Generated by org.testng.reporters.JUnitReportReporter -->
<testsuite hostname="DESKTOP-01UCJLJ" failures="0" tests="1" name="com.automationexercise.tests.Sampletest" time="24.075" errors="0" timestamp="2025-09-08T12:50:18 IST" skipped="0">
  <testcase classname="com.automationexercise.tests.Sampletest" name="validateTestCaseDetailsAreVisible" time="24.075"/>
</testsuite> <!-- com.automationexercise.tests.Sampletest -->
