<?xml version="1.0" encoding="UTF-8"?>
<!-- Generated by org.testng.reporters.JUnitReportReporter -->
<testsuite hostname="DESKTOP-01UCJLJ" failures="0" tests="3" name="com.automationexercise.tests.UI_Homepage_logocheck" time="37.473" errors="0" timestamp="2025-09-05T12:05:13 IST" skipped="0">
  <testcase classname="com.automationexercise.tests.UI_Homepage_logocheck" name="validateLogoClickability" time="8.974"/>
  <testcase classname="com.automationexercise.tests.UI_Homepage_logocheck" name="validateSearchBarFunctionality" time="15.107"/>
  <testcase classname="com.automationexercise.tests.UI_Homepage_logocheck" name="validateTopNavigationLinks" time="13.392"/>
</testsuite> <!-- com.automationexercise.tests.UI_Homepage_logocheck -->
