<?xml version="1.0" encoding="UTF-8"?>
<!-- Generated by org.testng.reporters.JUnitReportReporter -->
<testsuite hostname="DESKTOP-01UCJLJ" failures="0" tests="4" name="com.automationexercise.tests.UI_Homepage_TC16to19" time="423.682" errors="0" timestamp="2025-09-05T12:46:28 IST" skipped="0">
  <testcase classname="com.automationexercise.tests.UI_Homepage_TC16to19" name="validateRecommendedItemClick" time="42.894"/>
  <testcase classname="com.automationexercise.tests.UI_Homepage_TC16to19" name="validateApiTestingIcon" time="28.222"/>
  <testcase classname="com.automationexercise.tests.UI_Homepage_TC16to19" name="validateHomeIconFunctionality" time="327.622"/>
  <testcase classname="com.automationexercise.tests.UI_Homepage_TC16to19" name="validateTestCasesIconFunctionality" time="24.944"/>
</testsuite> <!-- com.automationexercise.tests.UI_Homepage_TC16to19 -->
