<?xml version="1.0" encoding="UTF-8"?>
<!-- Generated by org.testng.reporters.JUnitReportReporter -->
<testsuite hostname="DESKTOP-01UCJLJ" failures="0" tests="1" name="com.automationexercise.tests.Based_impact_TC011" time="17.193" errors="0" timestamp="2025-09-02T21:07:30 IST" skipped="0">
  <testcase classname="com.automationexercise.tests.Based_impact_TC011" name="verifySubscriptionIconOnHomePage" time="17.193"/>
</testsuite> <!-- com.automationexercise.tests.Based_impact_TC011 -->
