<?xml version="1.0" encoding="UTF-8"?>
<!-- Generated by org.testng.reporters.JUnitReportReporter -->
<testsuite hostname="DESKTOP-01UCJLJ" failures="0" tests="4" name="com.automationexercise.tests.UI_Homepage_TC8to11" time="67.108" errors="0" timestamp="2025-09-05T12:20:52 IST" skipped="0">
  <testcase classname="com.automationexercise.tests.UI_Homepage_TC8to11" name="validateLoginLogoutFlow" time="14.364"/>
  <testcase classname="com.automationexercise.tests.UI_Homepage_TC8to11" name="validateCarouselFunctionality" time="23.841"/>
  <testcase classname="com.automationexercise.tests.UI_Homepage_TC8to11" name="validateFooterContent" time="7.651"/>
  <testcase classname="com.automationexercise.tests.UI_Homepage_TC8to11" name="validateResponsiveLayout" time="21.252"/>
</testsuite> <!-- com.automationexercise.tests.UI_Homepage_TC8to11 -->
