<?xml version="1.0" encoding="UTF-8"?>
<!-- Generated by org.testng.reporters.JUnitReportReporter -->
<testsuite hostname="DESKTOP-01UCJLJ" failures="0" tests="2" name="com.automationexercise.tests.Testcase_page_TC1to3" time="20.551" errors="0" timestamp="2025-09-03T12:54:46 IST" skipped="0">
  <testcase classname="com.automationexercise.tests.Testcase_page_TC1to3" name="testURLLoadsSuccessfully" time="6.913"/>
  <testcase classname="com.automationexercise.tests.Testcase_page_TC1to3" name="testHomePageElementsVisible" time="13.638"/>
</testsuite> <!-- com.automationexercise.tests.Testcase_page_TC1to3 -->
