<?xml version="1.0" encoding="UTF-8"?>
<!-- Generated by org.testng.reporters.JUnitReportReporter -->
<testsuite hostname="DESKTOP-01UCJLJ" failures="0" tests="1" name="com.automationexercise.tests.Based_impact_TC05_Testng" time="27.389" errors="0" timestamp="2025-09-02T22:04:33 IST" skipped="0">
  <testcase classname="com.automationexercise.tests.Based_impact_TC05_Testng" name="verifySearchButtonWorks" time="27.389"/>
</testsuite> <!-- com.automationexercise.tests.Based_impact_TC05_Testng -->
