<?xml version="1.0" encoding="UTF-8"?>
<!-- Generated by org.testng.reporters.JUnitReportReporter -->
<testsuite hostname="DESKTOP-01UCJLJ" failures="0" tests="8" name="com.automationexercise.tests.UI_Loginpage_TC9to16" time="456.617" errors="0" timestamp="2025-09-06T22:27:44 IST" skipped="0">
  <testcase classname="com.automationexercise.tests.UI_Loginpage_TC9to16" name="validateLoginButtonPresence" time="39.195"/>
  <testcase classname="com.automationexercise.tests.UI_Loginpage_TC9to16" name="loginWithValidCredentials" time="314.397"/>
  <testcase classname="com.automationexercise.tests.UI_Loginpage_TC9to16" name="loginWithInvalidCredentials" time="19.408"/>
  <testcase classname="com.automationexercise.tests.UI_Loginpage_TC9to16" name="loginWithValidEmailInvalidPassword" time="20.483"/>
  <testcase classname="com.automationexercise.tests.UI_Loginpage_TC9to16" name="loginWithInvalidEmailValidPassword" time="14.854"/>
  <testcase classname="com.automationexercise.tests.UI_Loginpage_TC9to16" name="loginWithNoEmailNoPassword" time="19.870"/>
  <testcase classname="com.automationexercise.tests.UI_Loginpage_TC9to16" name="loginWithNoEmailValidPassword" time="11.280"/>
  <testcase classname="com.automationexercise.tests.UI_Loginpage_TC9to16" name="loginWithValidEmailNoPassword" time="17.130"/>
</testsuite> <!-- com.automationexercise.tests.UI_Loginpage_TC9to16 -->
