<?xml version="1.0" encoding="UTF-8"?>
<!-- Generated by org.testng.reporters.JUnitReportReporter -->
<testsuite hostname="DESKTOP-01UCJLJ" failures="0" tests="6" name="com.automationexercise.tests.UI_Loginpage_TC24to29" time="259.824" errors="0" timestamp="2025-09-06T22:46:02 IST" skipped="0">
  <testcase classname="com.automationexercise.tests.UI_Loginpage_TC24to29" name="validateProductsIcon" time="44.451"/>
  <testcase classname="com.automationexercise.tests.UI_Loginpage_TC24to29" name="validateCartIcon" time="45.126"/>
  <testcase classname="com.automationexercise.tests.UI_Loginpage_TC24to29" name="validateVideoTutorialsIcon" time="78.311"/>
  <testcase classname="com.automationexercise.tests.UI_Loginpage_TC24to29" name="validateContactUsIcon" time="39.594"/>
  <testcase classname="com.automationexercise.tests.UI_Loginpage_TC24to29" name="validateTestCasesIcon" time="29.597"/>
  <testcase classname="com.automationexercise.tests.UI_Loginpage_TC24to29" name="validateApiTestingIcon" time="22.745"/>
</testsuite> <!-- com.automationexercise.tests.UI_Loginpage_TC24to29 -->
