<?xml version="1.0" encoding="UTF-8"?>
<!-- Generated by org.testng.reporters.JUnitReportReporter -->
<testsuite hostname="DESKTOP-01UCJLJ" failures="0" tests="8" name="com.automationexercise.tests.UI_Loginpage_TC1to8" time="113.357" errors="0" timestamp="2025-09-06T22:06:57 IST" skipped="0">
  <testcase classname="com.automationexercise.tests.UI_Loginpage_TC1to8" name="validateLogoPresence" time="16.689"/>
  <testcase classname="com.automationexercise.tests.UI_Loginpage_TC1to8" name="validateSignupButtonPresence" time="7.404"/>
  <testcase classname="com.automationexercise.tests.UI_Loginpage_TC1to8" name="signupWithValidNameAndEmail" time="11.556"/>
  <testcase classname="com.automationexercise.tests.UI_Loginpage_TC1to8" name="signupWithInvalidEmail" time="22.435"/>
  <testcase classname="com.automationexercise.tests.UI_Loginpage_TC1to8" name="signupWithNoName" time="8.324"/>
  <testcase classname="com.automationexercise.tests.UI_Loginpage_TC1to8" name="signupWithNoEmail" time="10.082"/>
  <testcase classname="com.automationexercise.tests.UI_Loginpage_TC1to8" name="signupWithNoData" time="9.514"/>
  <testcase classname="com.automationexercise.tests.UI_Loginpage_TC1to8" name="signupWithExistingEmail" time="27.353"/>
</testsuite> <!-- com.automationexercise.tests.UI_Loginpage_TC1to8 -->
