<?xml version="1.0" encoding="UTF-8"?>
<!-- Generated by org.testng.reporters.JUnitReportReporter -->
<testsuite hostname="DESKTOP-01UCJLJ" failures="0" tests="4" name="com.automationexercise.tests.UI_Loginpage_TC30to33" time="51.521" errors="0" timestamp="2025-09-06T22:53:54 IST" skipped="0">
  <testcase classname="com.automationexercise.tests.UI_Loginpage_TC30to33" name="signupWithInvalidNameValidEmail" time="12.203"/>
  <testcase classname="com.automationexercise.tests.UI_Loginpage_TC30to33" name="validateNewUserSignupText" time="8.504"/>
  <testcase classname="com.automationexercise.tests.UI_Loginpage_TC30to33" name="validateLoginToYourAccountText" time="7.751"/>
  <testcase classname="com.automationexercise.tests.UI_Loginpage_TC30to33" name="validateOrTextVisibility" time="23.063"/>
</testsuite> <!-- com.automationexercise.tests.UI_Loginpage_TC30to33 -->
