<?xml version="1.0" encoding="UTF-8"?>
<!-- Generated by org.testng.reporters.JUnitReportReporter -->
<testsuite hostname="DESKTOP-01UCJLJ" failures="0" tests="7" name="com.automationexercise.tests.UI_Loginpage_TC17to23" time="70.772" errors="0" timestamp="2025-09-06T22:33:31 IST" skipped="0">
  <testcase classname="com.automationexercise.tests.UI_Loginpage_TC17to23" name="validateScrollBarFunctionality" time="13.128"/>
  <testcase classname="com.automationexercise.tests.UI_Loginpage_TC17to23" name="validateScrollToTopArrow" time="11.372"/>
  <testcase classname="com.automationexercise.tests.UI_Loginpage_TC17to23" name="validateSubscriptionIconPresence" time="6.225"/>
  <testcase classname="com.automationexercise.tests.UI_Loginpage_TC17to23" name="subscribeWithValidEmail" time="6.794"/>
  <testcase classname="com.automationexercise.tests.UI_Loginpage_TC17to23" name="subscribeWithInvalidEmail" time="14.467"/>
  <testcase classname="com.automationexercise.tests.UI_Loginpage_TC17to23" name="subscribeWithExistingEmail" time="8.599"/>
  <testcase classname="com.automationexercise.tests.UI_Loginpage_TC17to23" name="subscribeWithNoEmail" time="10.187"/>
</testsuite> <!-- com.automationexercise.tests.UI_Loginpage_TC17to23 -->
